<?xml version="1.0" encoding="UTF-8"?>
<testng-results skipped="0" failed="0" total="1" passed="1">
  <reporter-output>
  </reporter-output>
  <suite name="Suite" duration-ms="118" started-at="2020-09-26T12:12:09Z" finished-at="2020-09-26T12:12:09Z">
    <groups>
    </groups>
    <test name="Test" duration-ms="118" started-at="2020-09-26T12:12:09Z" finished-at="2020-09-26T12:12:09Z">
      <class name="com.rameshsoft.git.GitTest.TestOne">
        <test-method status="PASS" signature="demoOne()[pri:0, instance:com.rameshsoft.git.GitTest.TestOne@6d00a15d]" name="demoOne" duration-ms="99" started-at="2020-09-26T17:42:09Z" finished-at="2020-09-26T17:42:09Z">
          <reporter-output>
          </reporter-output>
        </test-method> <!-- demoOne -->
      </class> <!-- com.rameshsoft.git.GitTest.TestOne -->
    </test> <!-- Test -->
  </suite> <!-- Suite -->
</testng-results>
